<?xml version="1.0" encoding="UTF-8"?>
<!-- Generated by org.testng.reporters.JUnitReportReporter -->
<testsuite skipped="4" hostname="MC100032220" name="com.amc.qa.testcases.WarHouseVolumePageTestCases" tests="5" failures="0" timestamp="03 Aug 2022 15:59:55 GMT" time="10.611" errors="0">
  <testcase name="validateStatusDropDownOptions" time="10.611" classname="com.amc.qa.testcases.WarHouseVolumePageTestCases"/>
  <testcase name="validateWMSSystemDropDownValues" classname="com.amc.qa.testcases.WarHouseVolumePageTestCases">
    <skipped/>
  </testcase> <!-- validateWMSSystemDropDownValues -->
  <testcase name="validateDocumentTypeDropDownOptions" classname="com.amc.qa.testcases.WarHouseVolumePageTestCases">
    <skipped/>
  </testcase> <!-- validateDocumentTypeDropDownOptions -->
  <testcase name="validateWarehoueDropDownValues" classname="com.amc.qa.testcases.WarHouseVolumePageTestCases">
    <skipped/>
  </testcase> <!-- validateWarehoueDropDownValues -->
  <testcase name="generateWarHouseVolumeData" classname="com.amc.qa.testcases.WarHouseVolumePageTestCases">
    <skipped/>
  </testcase> <!-- generateWarHouseVolumeData -->
</testsuite> <!-- com.amc.qa.testcases.WarHouseVolumePageTestCases -->
