<?xml version="1.0" encoding="UTF-8"?>
<!-- Generated by org.testng.reporters.JUnitReportReporter -->
<testsuite hostname="DESKTOP-ECHS4O0" failures="0" tests="5" name="com.amc.qa.Testcases.LogInTestCases" time="39.920" errors="0" timestamp="05 Jul 2022 13:02:41 GMT" skipped="0">
  <testcase classname="com.amc.qa.Testcases.LogInTestCases" name="LoginwithValidCredenticals" time="3.377"/>
  <testcase classname="com.amc.qa.Testcases.LogInTestCases" name="LoginwithInvalidCredentials" time="9.455"/>
  <testcase classname="com.amc.qa.Testcases.LogInTestCases" name="VerifyForgotUsernameButton" time="9.596"/>
  <testcase classname="com.amc.qa.Testcases.LogInTestCases" name="VerifyTPVolumes" time="8.564"/>
  <testcase classname="com.amc.qa.Testcases.LogInTestCases" name="VerifyForgotPasswordButton" time="8.928"/>
</testsuite> <!-- com.amc.qa.Testcases.LogInTestCases -->
