<?xml version="1.0" encoding="UTF-8"?>
<!-- Generated by org.testng.reporters.JUnitReportReporter -->
<testsuite skipped="0" hostname="MC100032220" name="com.amc.qa.testcases.DocumentRepositoryPageTestCases" tests="9" failures="0" timestamp="27 Jul 2022 09:08:58 GMT" time="83.979" errors="0">
  <testcase name="verifyDocmentRepositoryPageTitle" time="6.661" classname="com.amc.qa.testcases.DocumentRepositoryPageTestCases"/>
  <testcase name="ValidateDocRepositoryDataBaseRadioBtns" time="7.933" classname="com.amc.qa.testcases.DocumentRepositoryPageTestCases"/>
  <testcase name="ValidateDocRepositoryAddFilterBtnAlertMessage" time="14.575" classname="com.amc.qa.testcases.DocumentRepositoryPageTestCases"/>
  <testcase name="ValidateDocRepositoryDocumentTypedropdown" time="9.969" classname="com.amc.qa.testcases.DocumentRepositoryPageTestCases"/>
  <testcase name="ValidateDocRepositorySenderdropdown" time="8.544" classname="com.amc.qa.testcases.DocumentRepositoryPageTestCases"/>
  <testcase name="ValidateDocRepositoryReceiverdropdown" time="8.502" classname="com.amc.qa.testcases.DocumentRepositoryPageTestCases"/>
  <testcase name="ValidateDocRepositoryWarHousedropdown" time="8.840" classname="com.amc.qa.testcases.DocumentRepositoryPageTestCases"/>
  <testcase name="ValidateDocRepositoryCorrelationdropdown" time="9.336" classname="com.amc.qa.testcases.DocumentRepositoryPageTestCases"/>
  <testcase name="ValidateDocRepositoryStatusdropdown" time="9.619" classname="com.amc.qa.testcases.DocumentRepositoryPageTestCases"/>
</testsuite> <!-- com.amc.qa.testcases.DocumentRepositoryPageTestCases -->
