<?xml version="1.0" encoding="UTF-8"?>
<!-- Generated by org.testng.reporters.JUnitReportReporter -->
<testsuite skipped="4" hostname="MC100032220" name="com.amc.qa.testcases.TPVolumesTestCases" tests="5" failures="0" timestamp="02 Aug 2022 17:21:22 GMT" time="37.430" errors="0">
  <testcase name="ValidateDocumentTypeDropDownOptions" time="37.430" classname="com.amc.qa.testcases.TPVolumesTestCases"/>
  <testcase name="ValidateStatusDropDownOptions" classname="com.amc.qa.testcases.TPVolumesTestCases">
    <skipped/>
  </testcase> <!-- ValidateStatusDropDownOptions -->
  <testcase name="GenerateTPVolumesData" classname="com.amc.qa.testcases.TPVolumesTestCases">
    <skipped/>
  </testcase> <!-- GenerateTPVolumesData -->
  <testcase name="ValidateTradingPartnerDropDownOptions" classname="com.amc.qa.testcases.TPVolumesTestCases">
    <skipped/>
  </testcase> <!-- ValidateTradingPartnerDropDownOptions -->
  <testcase name="VerifyTPVolumesPage" classname="com.amc.qa.testcases.TPVolumesTestCases">
    <skipped/>
  </testcase> <!-- VerifyTPVolumesPage -->
</testsuite> <!-- com.amc.qa.testcases.TPVolumesTestCases -->
