<?xml version="1.0" encoding="UTF-8"?>
<!-- Generated by org.testng.reporters.JUnitReportReporter -->
<testsuite skipped="0" hostname="MC100032220" name="com.amc.qa.testcases.AMCLogInTestCases" tests="5" failures="0" timestamp="27 Jul 2022 09:08:58 GMT" time="48.039" errors="0">
  <testcase name="LoginwithValidCredenticals" time="7.268" classname="com.amc.qa.testcases.AMCLogInTestCases"/>
  <testcase name="LoginwithInvalidCredentials" time="7.240" classname="com.amc.qa.testcases.AMCLogInTestCases"/>
  <testcase name="VerifyForgotUsernameButton" time="11.401" classname="com.amc.qa.testcases.AMCLogInTestCases"/>
  <testcase name="VerifyForgotPasswordButton" time="11.481" classname="com.amc.qa.testcases.AMCLogInTestCases"/>
  <testcase name="VerifyTPVolumes" time="10.649" classname="com.amc.qa.testcases.AMCLogInTestCases"/>
</testsuite> <!-- com.amc.qa.testcases.AMCLogInTestCases -->
